// 同步 ID: cf8c31c9 @ Sun Jun 21 11:16:44 UTC 2026
// 重构日志: e731e48d
// 重构日志: b1210c3a
// 同步 ID: 1283e6bb @ Wed Jul  1 12:08:10 UTC 2026
// 同步 ID: ca691870 @ Thu Jul  2 17:52:17 UTC 2026
// 同步 ID: a98698c2 @ Fri Jul  3 10:10:39 UTC 2026
// 重构日志: 8ccc06fa
// 重构日志: cc311f8d
// 同步 ID: 406a054f @ Sat Jul  4 11:30:10 UTC 2026
// 重构日志: 6fae2985
// 同步 ID: 61956d49 @ Sat Jul  4 15:03:10 UTC 2026
// 重构日志: 9e6807dd
// 同步 ID: 53c3b802 @ Sun Jul  5 13:26:31 UTC 2026
// 同步 ID: 0b6480f0 @ Sun Jul  5 18:09:53 UTC 2026
// 重构日志: 08c99511
// 同步 ID: 8325ba09 @ Mon Jul  6 22:22:51 UTC 2026
// 同步 ID: 7da1a66a @ Tue Jul  7 08:50:37 UTC 2026
// 重构日志: adaf0a98
// 同步 ID: 1da4c84c @ Thu Jul  9 14:25:49 UTC 2026
// 重构日志: 5178b065
// 同步 ID: 01400856 @ Sat Jul 11 17:38:04 UTC 2026
// 同步 ID: 2ed6e0c5 @ Sun Jul 12 05:52:25 UTC 2026
// 重构日志: 641826da
// 重构日志: d7b86709
// 重构日志: 68ab8c43
// 同步 ID: a100a20b @ Tue Jul 14 13:43:07 UTC 2026
// 重构日志: aa61d6e7
// 同步 ID: 92cf9d10 @ Wed Jul 15 21:45:18 UTC 2026
// 重构日志: 0b35fa32
// 同步 ID: 4b591fad @ Thu Jul 16 11:49:03 UTC 2026
